<?xml version="1.0" encoding="UTF-8"?>
<!-- Generated by org.testng.reporters.JUnitXMLReporter -->
<testsuite ignored="0" hostname="ADM-J6NX9RJQR0" failures="0" tests="3" name="Surefire test" time="5.938" errors="0" timestamp="24 May 2024 14:03:30 GMT">
  <testcase classname="jenkins.CalcTest" name="addTest" time="0.002"/>
  <testcase classname="jenkins.CalcTest" name="subtractTest" time="0.0"/>
  <testcase classname="jenkins.SampleSeleniumTest" name="validateGoogleId" time="2.055"/>
</testsuite> <!-- Surefire test -->
