<?xml version="1.0" encoding="UTF-8"?>
<testng-results ignored="0" total="3" passed="3" failed="0" skipped="0">
  <reporter-output>
  </reporter-output>
  <suite started-at="2024-05-24T14:03:24Z" name="Surefire suite" finished-at="2024-05-24T14:03:30Z" duration-ms="5938">
    <groups>
    </groups>
    <test started-at="2024-05-24T14:03:24Z" name="Surefire test" finished-at="2024-05-24T14:03:30Z" duration-ms="5938">
      <class name="jenkins.SampleSeleniumTest">
        <test-method is-config="true" signature="startBrowser()[pri:0, instance:jenkins.SampleSeleniumTest@3bb9a3ff]" started-at="2024-05-24T14:03:24Z" name="startBrowser" finished-at="2024-05-24T14:03:27Z" duration-ms="3705" status="PASS">
          <reporter-output>
          </reporter-output>
        </test-method> <!-- startBrowser -->
        <test-method signature="validateGoogleId()[pri:0, instance:jenkins.SampleSeleniumTest@3bb9a3ff]" started-at="2024-05-24T14:03:27Z" name="validateGoogleId" finished-at="2024-05-24T14:03:29Z" duration-ms="2055" status="PASS">
          <reporter-output>
          </reporter-output>
        </test-method> <!-- validateGoogleId -->
        <test-method is-config="true" signature="closeBrowser()[pri:0, instance:jenkins.SampleSeleniumTest@3bb9a3ff]" started-at="2024-05-24T14:03:29Z" name="closeBrowser" finished-at="2024-05-24T14:03:30Z" duration-ms="170" status="PASS">
          <reporter-output>
          </reporter-output>
        </test-method> <!-- closeBrowser -->
      </class> <!-- jenkins.SampleSeleniumTest -->
      <class name="jenkins.CalcTest">
        <test-method signature="addTest()[pri:0, instance:jenkins.CalcTest@7c729a55]" started-at="2024-05-24T14:03:24Z" name="addTest" finished-at="2024-05-24T14:03:24Z" duration-ms="2" status="PASS">
          <reporter-output>
          </reporter-output>
        </test-method> <!-- addTest -->
        <test-method signature="subtractTest()[pri:0, instance:jenkins.CalcTest@7c729a55]" started-at="2024-05-24T14:03:24Z" name="subtractTest" finished-at="2024-05-24T14:03:24Z" duration-ms="0" status="PASS">
          <reporter-output>
          </reporter-output>
        </test-method> <!-- subtractTest -->
      </class> <!-- jenkins.CalcTest -->
    </test> <!-- Surefire test -->
  </suite> <!-- Surefire suite -->
</testng-results>
